<?xml version="1.0" encoding="UTF-8"?>
<!-- Generated by org.testng.reporters.JUnitReportReporter -->
<testsuite hostname="LAPTOP-2EIRFG7B" failures="0" tests="1" name="scripts.Test1" time="0.004" errors="0" timestamp="2021-08-05T23:51:16 IST" skipped="0">
  <testcase classname="scripts.Test1" name="tc1" time="0.004"/>
</testsuite> <!-- scripts.Test1 -->
