<?xml version="1.0" encoding="UTF-8"?>
<!-- Generated by org.testng.reporters.JUnitReportReporter -->
<testsuite hostname="LAPTOP-2EIRFG7B" failures="0" tests="1" name="scripts.Test3" time="0.002" errors="0" timestamp="2021-08-06T00:06:09 IST" skipped="0">
  <testcase classname="scripts.Test3" name="tc3" time="0.002"/>
</testsuite> <!-- scripts.Test3 -->
