<?xml version="1.0" encoding="UTF-8"?>
<!-- Generated by org.testng.reporters.JUnitReportReporter -->
<testsuite hostname="LAPTOP-2EIRFG7B" failures="0" tests="1" name="scripts.Test4" time="0.018" errors="0" timestamp="2021-08-06T00:06:09 IST" skipped="0">
  <testcase classname="scripts.Test4" name="tc4" time="0.018"/>
</testsuite> <!-- scripts.Test4 -->
